The system is: Linux - 5.4.0-200-generic - x86_64
Compiling the C compiler identification source file "CMakeCCompilerId.c" succeeded.
Compiler: /usr/local/bin/gcc 
Build flags: 
Id flags:  

The output was:
0


Compilation of the C compiler identification source "CMakeCCompilerId.c" produced "a.out"

The C compiler identification is GNU, found in "/home/mohammed/asmaa/B3a/build/CMakeFiles/3.22.4/CompilerIdC/a.out"

Compiling the CXX compiler identification source file "CMakeCXXCompilerId.cpp" succeeded.
Compiler: /usr/local/bin/g++ 
Build flags: 
Id flags:  

The output was:
0


Compilation of the CXX compiler identification source "CMakeCXXCompilerId.cpp" produced "a.out"

The CXX compiler identification is GNU, found in "/home/mohammed/asmaa/B3a/build/CMakeFiles/3.22.4/CompilerIdCXX/a.out"

Detecting C compiler ABI info compiled with the following output:
Change Dir: /home/mohammed/asmaa/B3a/build/CMakeFiles/CMakeTmp

Run Build Command(s):/usr/bin/make -f Makefile cmTC_6e279/fast && /usr/bin/make  -f CMakeFiles/cmTC_6e279.dir/build.make CMakeFiles/cmTC_6e279.dir/build
make[1]: Entering directory '/home/mohammed/asmaa/B3a/build/CMakeFiles/CMakeTmp'
Building C object CMakeFiles/cmTC_6e279.dir/CMakeCCompilerABI.c.o
/usr/local/bin/gcc   -v -o CMakeFiles/cmTC_6e279.dir/CMakeCCompilerABI.c.o -c /usr/local/share/cmake-3.22/Modules/CMakeCCompilerABI.c
Using built-in specs.
COLLECT_GCC=/usr/local/bin/gcc
Target: x86_64-linux-gnu
Configured with: ./configure -v --build=x86_64-linux-gnu --host=x86_64-linux-gnu --target=x86_64-linux-gnu --prefix=/usr/local/gcc-13.2.0 --enable-checking=release --enable-languages=c,c++ --disable-multilib --program-suffix=-13.2.0
Thread model: posix
Supported LTO compression algorithms: zlib
gcc version 13.2.0 (GCC) 
COLLECT_GCC_OPTIONS='-v' '-o' 'CMakeFiles/cmTC_6e279.dir/CMakeCCompilerABI.c.o' '-c' '-mtune=generic' '-march=x86-64' '-dumpdir' 'CMakeFiles/cmTC_6e279.dir/'
 /usr/local/gcc-13.2.0/libexec/gcc/x86_64-linux-gnu/13.2.0/cc1 -quiet -v -imultiarch x86_64-linux-gnu /usr/local/share/cmake-3.22/Modules/CMakeCCompilerABI.c -quiet -dumpdir CMakeFiles/cmTC_6e279.dir/ -dumpbase CMakeCCompilerABI.c.c -dumpbase-ext .c -mtune=generic -march=x86-64 -version -o /tmp/ccS6XCyN.s
GNU C17 (GCC) version 13.2.0 (x86_64-linux-gnu)
	compiled by GNU C version 13.2.0, GMP version 6.2.0, MPFR version 4.0.2, MPC version 1.1.0, isl version none
GGC heuristics: --param ggc-min-expand=100 --param ggc-min-heapsize=131072
ignoring nonexistent directory "/usr/local/include/x86_64-linux-gnu"
ignoring nonexistent directory "/usr/local/gcc-13.2.0/lib/gcc/x86_64-linux-gnu/13.2.0/../../../../x86_64-linux-gnu/include"
#include "..." search starts here:
#include <...> search starts here:
 /usr/local/gcc-13.2.0/lib/gcc/x86_64-linux-gnu/13.2.0/include
 /usr/local/include
 /usr/local/gcc-13.2.0/include
 /usr/local/gcc-13.2.0/lib/gcc/x86_64-linux-gnu/13.2.0/include-fixed/x86_64-linux-gnu
 /usr/local/gcc-13.2.0/lib/gcc/x86_64-linux-gnu/13.2.0/include-fixed
 /usr/include/x86_64-linux-gnu
 /usr/include
End of search list.
Compiler executable checksum: 7ba7c66d1c6c9831bf6096d82337392b
COLLECT_GCC_OPTIONS='-v' '-o' 'CMakeFiles/cmTC_6e279.dir/CMakeCCompilerABI.c.o' '-c' '-mtune=generic' '-march=x86-64' '-dumpdir' 'CMakeFiles/cmTC_6e279.dir/'
 as -v --64 -o CMakeFiles/cmTC_6e279.dir/CMakeCCompilerABI.c.o /tmp/ccS6XCyN.s
GNU assembler version 2.34 (x86_64-linux-gnu) using BFD version (GNU Binutils for Ubuntu) 2.34
COMPILER_PATH=/usr/local/gcc-13.2.0/libexec/gcc/x86_64-linux-gnu/13.2.0/:/usr/local/gcc-13.2.0/libexec/gcc/x86_64-linux-gnu/13.2.0/:/usr/local/gcc-13.2.0/libexec/gcc/x86_64-linux-gnu/:/usr/local/gcc-13.2.0/lib/gcc/x86_64-linux-gnu/13.2.0/:/usr/local/gcc-13.2.0/lib/gcc/x86_64-linux-gnu/
LIBRARY_PATH=/usr/local/gcc-13.2.0/lib/gcc/x86_64-linux-gnu/13.2.0/:/usr/local/gcc-13.2.0/lib/gcc/x86_64-linux-gnu/13.2.0/../../../../lib64/:/lib/x86_64-linux-gnu/:/lib/../lib64/:/usr/lib/x86_64-linux-gnu/:/usr/lib/../lib64/:/usr/local/gcc-13.2.0/lib/gcc/x86_64-linux-gnu/13.2.0/../../../:/lib/:/usr/lib/
COLLECT_GCC_OPTIONS='-v' '-o' 'CMakeFiles/cmTC_6e279.dir/CMakeCCompilerABI.c.o' '-c' '-mtune=generic' '-march=x86-64' '-dumpdir' 'CMakeFiles/cmTC_6e279.dir/CMakeCCompilerABI.c.'
Linking C executable cmTC_6e279
/usr/local/bin/cmake -E cmake_link_script CMakeFiles/cmTC_6e279.dir/link.txt --verbose=1
/usr/local/bin/gcc  -v CMakeFiles/cmTC_6e279.dir/CMakeCCompilerABI.c.o -o cmTC_6e279 
Using built-in specs.
COLLECT_GCC=/usr/local/bin/gcc
COLLECT_LTO_WRAPPER=/usr/local/gcc-13.2.0/libexec/gcc/x86_64-linux-gnu/13.2.0/lto-wrapper
Target: x86_64-linux-gnu
Configured with: ./configure -v --build=x86_64-linux-gnu --host=x86_64-linux-gnu --target=x86_64-linux-gnu --prefix=/usr/local/gcc-13.2.0 --enable-checking=release --enable-languages=c,c++ --disable-multilib --program-suffix=-13.2.0
Thread model: posix
Supported LTO compression algorithms: zlib
gcc version 13.2.0 (GCC) 
COMPILER_PATH=/usr/local/gcc-13.2.0/libexec/gcc/x86_64-linux-gnu/13.2.0/:/usr/local/gcc-13.2.0/libexec/gcc/x86_64-linux-gnu/13.2.0/:/usr/local/gcc-13.2.0/libexec/gcc/x86_64-linux-gnu/:/usr/local/gcc-13.2.0/lib/gcc/x86_64-linux-gnu/13.2.0/:/usr/local/gcc-13.2.0/lib/gcc/x86_64-linux-gnu/
LIBRARY_PATH=/usr/local/gcc-13.2.0/lib/gcc/x86_64-linux-gnu/13.2.0/:/usr/local/gcc-13.2.0/lib/gcc/x86_64-linux-gnu/13.2.0/../../../../lib64/:/lib/x86_64-linux-gnu/:/lib/../lib64/:/usr/lib/x86_64-linux-gnu/:/usr/lib/../lib64/:/usr/local/gcc-13.2.0/lib/gcc/x86_64-linux-gnu/13.2.0/../../../:/lib/:/usr/lib/
COLLECT_GCC_OPTIONS='-v' '-o' 'cmTC_6e279' '-mtune=generic' '-march=x86-64' '-dumpdir' 'cmTC_6e279.'
 /usr/local/gcc-13.2.0/libexec/gcc/x86_64-linux-gnu/13.2.0/collect2 -plugin /usr/local/gcc-13.2.0/libexec/gcc/x86_64-linux-gnu/13.2.0/liblto_plugin.so -plugin-opt=/usr/local/gcc-13.2.0/libexec/gcc/x86_64-linux-gnu/13.2.0/lto-wrapper -plugin-opt=-fresolution=/tmp/ccwAlywg.res -plugin-opt=-pass-through=-lgcc -plugin-opt=-pass-through=-lgcc_s -plugin-opt=-pass-through=-lc -plugin-opt=-pass-through=-lgcc -plugin-opt=-pass-through=-lgcc_s --eh-frame-hdr -m elf_x86_64 -dynamic-linker /lib64/ld-linux-x86-64.so.2 -o cmTC_6e279 /lib/x86_64-linux-gnu/crt1.o /lib/x86_64-linux-gnu/crti.o /usr/local/gcc-13.2.0/lib/gcc/x86_64-linux-gnu/13.2.0/crtbegin.o -L/usr/local/gcc-13.2.0/lib/gcc/x86_64-linux-gnu/13.2.0 -L/usr/local/gcc-13.2.0/lib/gcc/x86_64-linux-gnu/13.2.0/../../../../lib64 -L/lib/x86_64-linux-gnu -L/lib/../lib64 -L/usr/lib/x86_64-linux-gnu -L/usr/lib/../lib64 -L/usr/local/gcc-13.2.0/lib/gcc/x86_64-linux-gnu/13.2.0/../../.. CMakeFiles/cmTC_6e279.dir/CMakeCCompilerABI.c.o -lgcc --push-state --as-needed -lgcc_s --pop-state -lc -lgcc --push-state --as-needed -lgcc_s --pop-state /usr/local/gcc-13.2.0/lib/gcc/x86_64-linux-gnu/13.2.0/crtend.o /lib/x86_64-linux-gnu/crtn.o
COLLECT_GCC_OPTIONS='-v' '-o' 'cmTC_6e279' '-mtune=generic' '-march=x86-64' '-dumpdir' 'cmTC_6e279.'
make[1]: Leaving directory '/home/mohammed/asmaa/B3a/build/CMakeFiles/CMakeTmp'



Parsed C implicit include dir info from above output: rv=done
  found start of include info
  found start of implicit include info
    add: [/usr/local/gcc-13.2.0/lib/gcc/x86_64-linux-gnu/13.2.0/include]
    add: [/usr/local/include]
    add: [/usr/local/gcc-13.2.0/include]
    add: [/usr/local/gcc-13.2.0/lib/gcc/x86_64-linux-gnu/13.2.0/include-fixed/x86_64-linux-gnu]
    add: [/usr/local/gcc-13.2.0/lib/gcc/x86_64-linux-gnu/13.2.0/include-fixed]
    add: [/usr/include/x86_64-linux-gnu]
    add: [/usr/include]
  end of search list found
  collapse include dir [/usr/local/gcc-13.2.0/lib/gcc/x86_64-linux-gnu/13.2.0/include] ==> [/usr/local/gcc-13.2.0/lib/gcc/x86_64-linux-gnu/13.2.0/include]
  collapse include dir [/usr/local/include] ==> [/usr/local/include]
  collapse include dir [/usr/local/gcc-13.2.0/include] ==> [/usr/local/gcc-13.2.0/include]
  collapse include dir [/usr/local/gcc-13.2.0/lib/gcc/x86_64-linux-gnu/13.2.0/include-fixed/x86_64-linux-gnu] ==> [/usr/local/gcc-13.2.0/lib/gcc/x86_64-linux-gnu/13.2.0/include-fixed/x86_64-linux-gnu]
  collapse include dir [/usr/local/gcc-13.2.0/lib/gcc/x86_64-linux-gnu/13.2.0/include-fixed] ==> [/usr/local/gcc-13.2.0/lib/gcc/x86_64-linux-gnu/13.2.0/include-fixed]
  collapse include dir [/usr/include/x86_64-linux-gnu] ==> [/usr/include/x86_64-linux-gnu]
  collapse include dir [/usr/include] ==> [/usr/include]
  implicit include dirs: [/usr/local/gcc-13.2.0/lib/gcc/x86_64-linux-gnu/13.2.0/include;/usr/local/include;/usr/local/gcc-13.2.0/include;/usr/local/gcc-13.2.0/lib/gcc/x86_64-linux-gnu/13.2.0/include-fixed/x86_64-linux-gnu;/usr/local/gcc-13.2.0/lib/gcc/x86_64-linux-gnu/13.2.0/include-fixed;/usr/include/x86_64-linux-gnu;/usr/include]


Parsed C implicit link information from above output:
  link line regex: [^( *|.*[/\])(ld|CMAKE_LINK_STARTFILE-NOTFOUND|([^/\]+-)?ld|collect2)[^/\]*( |$)]
  ignore line: [Change Dir: /home/mohammed/asmaa/B3a/build/CMakeFiles/CMakeTmp]
  ignore line: []
  ignore line: [Run Build Command(s):/usr/bin/make -f Makefile cmTC_6e279/fast && /usr/bin/make  -f CMakeFiles/cmTC_6e279.dir/build.make CMakeFiles/cmTC_6e279.dir/build]
  ignore line: [make[1]: Entering directory '/home/mohammed/asmaa/B3a/build/CMakeFiles/CMakeTmp']
  ignore line: [Building C object CMakeFiles/cmTC_6e279.dir/CMakeCCompilerABI.c.o]
  ignore line: [/usr/local/bin/gcc   -v -o CMakeFiles/cmTC_6e279.dir/CMakeCCompilerABI.c.o -c /usr/local/share/cmake-3.22/Modules/CMakeCCompilerABI.c]
  ignore line: [Using built-in specs.]
  ignore line: [COLLECT_GCC=/usr/local/bin/gcc]
  ignore line: [Target: x86_64-linux-gnu]
  ignore line: [Configured with: ./configure -v --build=x86_64-linux-gnu --host=x86_64-linux-gnu --target=x86_64-linux-gnu --prefix=/usr/local/gcc-13.2.0 --enable-checking=release --enable-languages=c c++ --disable-multilib --program-suffix=-13.2.0]
  ignore line: [Thread model: posix]
  ignore line: [Supported LTO compression algorithms: zlib]
  ignore line: [gcc version 13.2.0 (GCC) ]
  ignore line: [COLLECT_GCC_OPTIONS='-v' '-o' 'CMakeFiles/cmTC_6e279.dir/CMakeCCompilerABI.c.o' '-c' '-mtune=generic' '-march=x86-64' '-dumpdir' 'CMakeFiles/cmTC_6e279.dir/']
  ignore line: [ /usr/local/gcc-13.2.0/libexec/gcc/x86_64-linux-gnu/13.2.0/cc1 -quiet -v -imultiarch x86_64-linux-gnu /usr/local/share/cmake-3.22/Modules/CMakeCCompilerABI.c -quiet -dumpdir CMakeFiles/cmTC_6e279.dir/ -dumpbase CMakeCCompilerABI.c.c -dumpbase-ext .c -mtune=generic -march=x86-64 -version -o /tmp/ccS6XCyN.s]
  ignore line: [GNU C17 (GCC) version 13.2.0 (x86_64-linux-gnu)]
  ignore line: [	compiled by GNU C version 13.2.0  GMP version 6.2.0  MPFR version 4.0.2  MPC version 1.1.0  isl version none]
  ignore line: [GGC heuristics: --param ggc-min-expand=100 --param ggc-min-heapsize=131072]
  ignore line: [ignoring nonexistent directory "/usr/local/include/x86_64-linux-gnu"]
  ignore line: [ignoring nonexistent directory "/usr/local/gcc-13.2.0/lib/gcc/x86_64-linux-gnu/13.2.0/../../../../x86_64-linux-gnu/include"]
  ignore line: [#include "..." search starts here:]
  ignore line: [#include <...> search starts here:]
  ignore line: [ /usr/local/gcc-13.2.0/lib/gcc/x86_64-linux-gnu/13.2.0/include]
  ignore line: [ /usr/local/include]
  ignore line: [ /usr/local/gcc-13.2.0/include]
  ignore line: [ /usr/local/gcc-13.2.0/lib/gcc/x86_64-linux-gnu/13.2.0/include-fixed/x86_64-linux-gnu]
  ignore line: [ /usr/local/gcc-13.2.0/lib/gcc/x86_64-linux-gnu/13.2.0/include-fixed]
  ignore line: [ /usr/include/x86_64-linux-gnu]
  ignore line: [ /usr/include]
  ignore line: [End of search list.]
  ignore line: [Compiler executable checksum: 7ba7c66d1c6c9831bf6096d82337392b]
  ignore line: [COLLECT_GCC_OPTIONS='-v' '-o' 'CMakeFiles/cmTC_6e279.dir/CMakeCCompilerABI.c.o' '-c' '-mtune=generic' '-march=x86-64' '-dumpdir' 'CMakeFiles/cmTC_6e279.dir/']
  ignore line: [ as -v --64 -o CMakeFiles/cmTC_6e279.dir/CMakeCCompilerABI.c.o /tmp/ccS6XCyN.s]
  ignore line: [GNU assembler version 2.34 (x86_64-linux-gnu) using BFD version (GNU Binutils for Ubuntu) 2.34]
  ignore line: [COMPILER_PATH=/usr/local/gcc-13.2.0/libexec/gcc/x86_64-linux-gnu/13.2.0/:/usr/local/gcc-13.2.0/libexec/gcc/x86_64-linux-gnu/13.2.0/:/usr/local/gcc-13.2.0/libexec/gcc/x86_64-linux-gnu/:/usr/local/gcc-13.2.0/lib/gcc/x86_64-linux-gnu/13.2.0/:/usr/local/gcc-13.2.0/lib/gcc/x86_64-linux-gnu/]
  ignore line: [LIBRARY_PATH=/usr/local/gcc-13.2.0/lib/gcc/x86_64-linux-gnu/13.2.0/:/usr/local/gcc-13.2.0/lib/gcc/x86_64-linux-gnu/13.2.0/../../../../lib64/:/lib/x86_64-linux-gnu/:/lib/../lib64/:/usr/lib/x86_64-linux-gnu/:/usr/lib/../lib64/:/usr/local/gcc-13.2.0/lib/gcc/x86_64-linux-gnu/13.2.0/../../../:/lib/:/usr/lib/]
  ignore line: [COLLECT_GCC_OPTIONS='-v' '-o' 'CMakeFiles/cmTC_6e279.dir/CMakeCCompilerABI.c.o' '-c' '-mtune=generic' '-march=x86-64' '-dumpdir' 'CMakeFiles/cmTC_6e279.dir/CMakeCCompilerABI.c.']
  ignore line: [Linking C executable cmTC_6e279]
  ignore line: [/usr/local/bin/cmake -E cmake_link_script CMakeFiles/cmTC_6e279.dir/link.txt --verbose=1]
  ignore line: [/usr/local/bin/gcc  -v CMakeFiles/cmTC_6e279.dir/CMakeCCompilerABI.c.o -o cmTC_6e279 ]
  ignore line: [Using built-in specs.]
  ignore line: [COLLECT_GCC=/usr/local/bin/gcc]
  ignore line: [COLLECT_LTO_WRAPPER=/usr/local/gcc-13.2.0/libexec/gcc/x86_64-linux-gnu/13.2.0/lto-wrapper]
  ignore line: [Target: x86_64-linux-gnu]
  ignore line: [Configured with: ./configure -v --build=x86_64-linux-gnu --host=x86_64-linux-gnu --target=x86_64-linux-gnu --prefix=/usr/local/gcc-13.2.0 --enable-checking=release --enable-languages=c c++ --disable-multilib --program-suffix=-13.2.0]
  ignore line: [Thread model: posix]
  ignore line: [Supported LTO compression algorithms: zlib]
  ignore line: [gcc version 13.2.0 (GCC) ]
  ignore line: [COMPILER_PATH=/usr/local/gcc-13.2.0/libexec/gcc/x86_64-linux-gnu/13.2.0/:/usr/local/gcc-13.2.0/libexec/gcc/x86_64-linux-gnu/13.2.0/:/usr/local/gcc-13.2.0/libexec/gcc/x86_64-linux-gnu/:/usr/local/gcc-13.2.0/lib/gcc/x86_64-linux-gnu/13.2.0/:/usr/local/gcc-13.2.0/lib/gcc/x86_64-linux-gnu/]
  ignore line: [LIBRARY_PATH=/usr/local/gcc-13.2.0/lib/gcc/x86_64-linux-gnu/13.2.0/:/usr/local/gcc-13.2.0/lib/gcc/x86_64-linux-gnu/13.2.0/../../../../lib64/:/lib/x86_64-linux-gnu/:/lib/../lib64/:/usr/lib/x86_64-linux-gnu/:/usr/lib/../lib64/:/usr/local/gcc-13.2.0/lib/gcc/x86_64-linux-gnu/13.2.0/../../../:/lib/:/usr/lib/]
  ignore line: [COLLECT_GCC_OPTIONS='-v' '-o' 'cmTC_6e279' '-mtune=generic' '-march=x86-64' '-dumpdir' 'cmTC_6e279.']
  link line: [ /usr/local/gcc-13.2.0/libexec/gcc/x86_64-linux-gnu/13.2.0/collect2 -plugin /usr/local/gcc-13.2.0/libexec/gcc/x86_64-linux-gnu/13.2.0/liblto_plugin.so -plugin-opt=/usr/local/gcc-13.2.0/libexec/gcc/x86_64-linux-gnu/13.2.0/lto-wrapper -plugin-opt=-fresolution=/tmp/ccwAlywg.res -plugin-opt=-pass-through=-lgcc -plugin-opt=-pass-through=-lgcc_s -plugin-opt=-pass-through=-lc -plugin-opt=-pass-through=-lgcc -plugin-opt=-pass-through=-lgcc_s --eh-frame-hdr -m elf_x86_64 -dynamic-linker /lib64/ld-linux-x86-64.so.2 -o cmTC_6e279 /lib/x86_64-linux-gnu/crt1.o /lib/x86_64-linux-gnu/crti.o /usr/local/gcc-13.2.0/lib/gcc/x86_64-linux-gnu/13.2.0/crtbegin.o -L/usr/local/gcc-13.2.0/lib/gcc/x86_64-linux-gnu/13.2.0 -L/usr/local/gcc-13.2.0/lib/gcc/x86_64-linux-gnu/13.2.0/../../../../lib64 -L/lib/x86_64-linux-gnu -L/lib/../lib64 -L/usr/lib/x86_64-linux-gnu -L/usr/lib/../lib64 -L/usr/local/gcc-13.2.0/lib/gcc/x86_64-linux-gnu/13.2.0/../../.. CMakeFiles/cmTC_6e279.dir/CMakeCCompilerABI.c.o -lgcc --push-state --as-needed -lgcc_s --pop-state -lc -lgcc --push-state --as-needed -lgcc_s --pop-state /usr/local/gcc-13.2.0/lib/gcc/x86_64-linux-gnu/13.2.0/crtend.o /lib/x86_64-linux-gnu/crtn.o]
    arg [/usr/local/gcc-13.2.0/libexec/gcc/x86_64-linux-gnu/13.2.0/collect2] ==> ignore
    arg [-plugin] ==> ignore
    arg [/usr/local/gcc-13.2.0/libexec/gcc/x86_64-linux-gnu/13.2.0/liblto_plugin.so] ==> ignore
    arg [-plugin-opt=/usr/local/gcc-13.2.0/libexec/gcc/x86_64-linux-gnu/13.2.0/lto-wrapper] ==> ignore
    arg [-plugin-opt=-fresolution=/tmp/ccwAlywg.res] ==> ignore
    arg [-plugin-opt=-pass-through=-lgcc] ==> ignore
    arg [-plugin-opt=-pass-through=-lgcc_s] ==> ignore
    arg [-plugin-opt=-pass-through=-lc] ==> ignore
    arg [-plugin-opt=-pass-through=-lgcc] ==> ignore
    arg [-plugin-opt=-pass-through=-lgcc_s] ==> ignore
    arg [--eh-frame-hdr] ==> ignore
    arg [-m] ==> ignore
    arg [elf_x86_64] ==> ignore
    arg [-dynamic-linker] ==> ignore
    arg [/lib64/ld-linux-x86-64.so.2] ==> ignore
    arg [-o] ==> ignore
    arg [cmTC_6e279] ==> ignore
    arg [/lib/x86_64-linux-gnu/crt1.o] ==> obj [/lib/x86_64-linux-gnu/crt1.o]
    arg [/lib/x86_64-linux-gnu/crti.o] ==> obj [/lib/x86_64-linux-gnu/crti.o]
    arg [/usr/local/gcc-13.2.0/lib/gcc/x86_64-linux-gnu/13.2.0/crtbegin.o] ==> obj [/usr/local/gcc-13.2.0/lib/gcc/x86_64-linux-gnu/13.2.0/crtbegin.o]
    arg [-L/usr/local/gcc-13.2.0/lib/gcc/x86_64-linux-gnu/13.2.0] ==> dir [/usr/local/gcc-13.2.0/lib/gcc/x86_64-linux-gnu/13.2.0]
    arg [-L/usr/local/gcc-13.2.0/lib/gcc/x86_64-linux-gnu/13.2.0/../../../../lib64] ==> dir [/usr/local/gcc-13.2.0/lib/gcc/x86_64-linux-gnu/13.2.0/../../../../lib64]
    arg [-L/lib/x86_64-linux-gnu] ==> dir [/lib/x86_64-linux-gnu]
    arg [-L/lib/../lib64] ==> dir [/lib/../lib64]
    arg [-L/usr/lib/x86_64-linux-gnu] ==> dir [/usr/lib/x86_64-linux-gnu]
    arg [-L/usr/lib/../lib64] ==> dir [/usr/lib/../lib64]
    arg [-L/usr/local/gcc-13.2.0/lib/gcc/x86_64-linux-gnu/13.2.0/../../..] ==> dir [/usr/local/gcc-13.2.0/lib/gcc/x86_64-linux-gnu/13.2.0/../../..]
    arg [CMakeFiles/cmTC_6e279.dir/CMakeCCompilerABI.c.o] ==> ignore
    arg [-lgcc] ==> lib [gcc]
    arg [--push-state] ==> ignore
    arg [--as-needed] ==> ignore
    arg [-lgcc_s] ==> lib [gcc_s]
    arg [--pop-state] ==> ignore
    arg [-lc] ==> lib [c]
    arg [-lgcc] ==> lib [gcc]
    arg [--push-state] ==> ignore
    arg [--as-needed] ==> ignore
    arg [-lgcc_s] ==> lib [gcc_s]
    arg [--pop-state] ==> ignore
    arg [/usr/local/gcc-13.2.0/lib/gcc/x86_64-linux-gnu/13.2.0/crtend.o] ==> obj [/usr/local/gcc-13.2.0/lib/gcc/x86_64-linux-gnu/13.2.0/crtend.o]
    arg [/lib/x86_64-linux-gnu/crtn.o] ==> obj [/lib/x86_64-linux-gnu/crtn.o]
  collapse library dir [/usr/local/gcc-13.2.0/lib/gcc/x86_64-linux-gnu/13.2.0] ==> [/usr/local/gcc-13.2.0/lib/gcc/x86_64-linux-gnu/13.2.0]
  collapse library dir [/usr/local/gcc-13.2.0/lib/gcc/x86_64-linux-gnu/13.2.0/../../../../lib64] ==> [/usr/local/gcc-13.2.0/lib64]
  collapse library dir [/lib/x86_64-linux-gnu] ==> [/lib/x86_64-linux-gnu]
  collapse library dir [/lib/../lib64] ==> [/lib64]
  collapse library dir [/usr/lib/x86_64-linux-gnu] ==> [/usr/lib/x86_64-linux-gnu]
  collapse library dir [/usr/lib/../lib64] ==> [/usr/lib64]
  collapse library dir [/usr/local/gcc-13.2.0/lib/gcc/x86_64-linux-gnu/13.2.0/../../..] ==> [/usr/local/gcc-13.2.0/lib]
  implicit libs: [gcc;gcc_s;c;gcc;gcc_s]
  implicit objs: [/lib/x86_64-linux-gnu/crt1.o;/lib/x86_64-linux-gnu/crti.o;/usr/local/gcc-13.2.0/lib/gcc/x86_64-linux-gnu/13.2.0/crtbegin.o;/usr/local/gcc-13.2.0/lib/gcc/x86_64-linux-gnu/13.2.0/crtend.o;/lib/x86_64-linux-gnu/crtn.o]
  implicit dirs: [/usr/local/gcc-13.2.0/lib/gcc/x86_64-linux-gnu/13.2.0;/usr/local/gcc-13.2.0/lib64;/lib/x86_64-linux-gnu;/lib64;/usr/lib/x86_64-linux-gnu;/usr/lib64;/usr/local/gcc-13.2.0/lib]
  implicit fwks: []


Detecting CXX compiler ABI info compiled with the following output:
Change Dir: /home/mohammed/asmaa/B3a/build/CMakeFiles/CMakeTmp

Run Build Command(s):/usr/bin/make -f Makefile cmTC_6272e/fast && /usr/bin/make  -f CMakeFiles/cmTC_6272e.dir/build.make CMakeFiles/cmTC_6272e.dir/build
make[1]: Entering directory '/home/mohammed/asmaa/B3a/build/CMakeFiles/CMakeTmp'
Building CXX object CMakeFiles/cmTC_6272e.dir/CMakeCXXCompilerABI.cpp.o
/usr/local/bin/g++   -v -o CMakeFiles/cmTC_6272e.dir/CMakeCXXCompilerABI.cpp.o -c /usr/local/share/cmake-3.22/Modules/CMakeCXXCompilerABI.cpp
Using built-in specs.
COLLECT_GCC=/usr/local/bin/g++
Target: x86_64-linux-gnu
Configured with: ./configure -v --build=x86_64-linux-gnu --host=x86_64-linux-gnu --target=x86_64-linux-gnu --prefix=/usr/local/gcc-13.2.0 --enable-checking=release --enable-languages=c,c++ --disable-multilib --program-suffix=-13.2.0
Thread model: posix
Supported LTO compression algorithms: zlib
gcc version 13.2.0 (GCC) 
COLLECT_GCC_OPTIONS='-v' '-o' 'CMakeFiles/cmTC_6272e.dir/CMakeCXXCompilerABI.cpp.o' '-c' '-shared-libgcc' '-mtune=generic' '-march=x86-64' '-dumpdir' 'CMakeFiles/cmTC_6272e.dir/'
 /usr/local/gcc-13.2.0/libexec/gcc/x86_64-linux-gnu/13.2.0/cc1plus -quiet -v -imultiarch x86_64-linux-gnu -D_GNU_SOURCE /usr/local/share/cmake-3.22/Modules/CMakeCXXCompilerABI.cpp -quiet -dumpdir CMakeFiles/cmTC_6272e.dir/ -dumpbase CMakeCXXCompilerABI.cpp.cpp -dumpbase-ext .cpp -mtune=generic -march=x86-64 -version -o /tmp/ccWnf2oN.s
GNU C++17 (GCC) version 13.2.0 (x86_64-linux-gnu)
	compiled by GNU C version 13.2.0, GMP version 6.2.0, MPFR version 4.0.2, MPC version 1.1.0, isl version none
GGC heuristics: --param ggc-min-expand=100 --param ggc-min-heapsize=131072
ignoring nonexistent directory "/usr/local/include/x86_64-linux-gnu"
ignoring nonexistent directory "/usr/local/gcc-13.2.0/lib/gcc/x86_64-linux-gnu/13.2.0/../../../../x86_64-linux-gnu/include"
#include "..." search starts here:
#include <...> search starts here:
 /usr/local/gcc-13.2.0/lib/gcc/x86_64-linux-gnu/13.2.0/../../../../include/c++/13.2.0
 /usr/local/gcc-13.2.0/lib/gcc/x86_64-linux-gnu/13.2.0/../../../../include/c++/13.2.0/x86_64-linux-gnu
 /usr/local/gcc-13.2.0/lib/gcc/x86_64-linux-gnu/13.2.0/../../../../include/c++/13.2.0/backward
 /usr/local/gcc-13.2.0/lib/gcc/x86_64-linux-gnu/13.2.0/include
 /usr/local/include
 /usr/local/gcc-13.2.0/include
 /usr/local/gcc-13.2.0/lib/gcc/x86_64-linux-gnu/13.2.0/include-fixed/x86_64-linux-gnu
 /usr/local/gcc-13.2.0/lib/gcc/x86_64-linux-gnu/13.2.0/include-fixed
 /usr/include/x86_64-linux-gnu
 /usr/include
End of search list.
Compiler executable checksum: d072c1c292b323804cb947be614e24f4
COLLECT_GCC_OPTIONS='-v' '-o' 'CMakeFiles/cmTC_6272e.dir/CMakeCXXCompilerABI.cpp.o' '-c' '-shared-libgcc' '-mtune=generic' '-march=x86-64' '-dumpdir' 'CMakeFiles/cmTC_6272e.dir/'
 as -v --64 -o CMakeFiles/cmTC_6272e.dir/CMakeCXXCompilerABI.cpp.o /tmp/ccWnf2oN.s
GNU assembler version 2.34 (x86_64-linux-gnu) using BFD version (GNU Binutils for Ubuntu) 2.34
COMPILER_PATH=/usr/local/gcc-13.2.0/libexec/gcc/x86_64-linux-gnu/13.2.0/:/usr/local/gcc-13.2.0/libexec/gcc/x86_64-linux-gnu/13.2.0/:/usr/local/gcc-13.2.0/libexec/gcc/x86_64-linux-gnu/:/usr/local/gcc-13.2.0/lib/gcc/x86_64-linux-gnu/13.2.0/:/usr/local/gcc-13.2.0/lib/gcc/x86_64-linux-gnu/
LIBRARY_PATH=/usr/local/gcc-13.2.0/lib/gcc/x86_64-linux-gnu/13.2.0/:/usr/local/gcc-13.2.0/lib/gcc/x86_64-linux-gnu/13.2.0/../../../../lib64/:/lib/x86_64-linux-gnu/:/lib/../lib64/:/usr/lib/x86_64-linux-gnu/:/usr/lib/../lib64/:/usr/local/gcc-13.2.0/lib/gcc/x86_64-linux-gnu/13.2.0/../../../:/lib/:/usr/lib/
COLLECT_GCC_OPTIONS='-v' '-o' 'CMakeFiles/cmTC_6272e.dir/CMakeCXXCompilerABI.cpp.o' '-c' '-shared-libgcc' '-mtune=generic' '-march=x86-64' '-dumpdir' 'CMakeFiles/cmTC_6272e.dir/CMakeCXXCompilerABI.cpp.'
Linking CXX executable cmTC_6272e
/usr/local/bin/cmake -E cmake_link_script CMakeFiles/cmTC_6272e.dir/link.txt --verbose=1
/usr/local/bin/g++  -v CMakeFiles/cmTC_6272e.dir/CMakeCXXCompilerABI.cpp.o -o cmTC_6272e 
Using built-in specs.
COLLECT_GCC=/usr/local/bin/g++
COLLECT_LTO_WRAPPER=/usr/local/gcc-13.2.0/libexec/gcc/x86_64-linux-gnu/13.2.0/lto-wrapper
Target: x86_64-linux-gnu
Configured with: ./configure -v --build=x86_64-linux-gnu --host=x86_64-linux-gnu --target=x86_64-linux-gnu --prefix=/usr/local/gcc-13.2.0 --enable-checking=release --enable-languages=c,c++ --disable-multilib --program-suffix=-13.2.0
Thread model: posix
Supported LTO compression algorithms: zlib
gcc version 13.2.0 (GCC) 
COMPILER_PATH=/usr/local/gcc-13.2.0/libexec/gcc/x86_64-linux-gnu/13.2.0/:/usr/local/gcc-13.2.0/libexec/gcc/x86_64-linux-gnu/13.2.0/:/usr/local/gcc-13.2.0/libexec/gcc/x86_64-linux-gnu/:/usr/local/gcc-13.2.0/lib/gcc/x86_64-linux-gnu/13.2.0/:/usr/local/gcc-13.2.0/lib/gcc/x86_64-linux-gnu/
LIBRARY_PATH=/usr/local/gcc-13.2.0/lib/gcc/x86_64-linux-gnu/13.2.0/:/usr/local/gcc-13.2.0/lib/gcc/x86_64-linux-gnu/13.2.0/../../../../lib64/:/lib/x86_64-linux-gnu/:/lib/../lib64/:/usr/lib/x86_64-linux-gnu/:/usr/lib/../lib64/:/usr/local/gcc-13.2.0/lib/gcc/x86_64-linux-gnu/13.2.0/../../../:/lib/:/usr/lib/
COLLECT_GCC_OPTIONS='-v' '-o' 'cmTC_6272e' '-shared-libgcc' '-mtune=generic' '-march=x86-64' '-dumpdir' 'cmTC_6272e.'
 /usr/local/gcc-13.2.0/libexec/gcc/x86_64-linux-gnu/13.2.0/collect2 -plugin /usr/local/gcc-13.2.0/libexec/gcc/x86_64-linux-gnu/13.2.0/liblto_plugin.so -plugin-opt=/usr/local/gcc-13.2.0/libexec/gcc/x86_64-linux-gnu/13.2.0/lto-wrapper -plugin-opt=-fresolution=/tmp/ccTghkFf.res -plugin-opt=-pass-through=-lgcc_s -plugin-opt=-pass-through=-lgcc -plugin-opt=-pass-through=-lc -plugin-opt=-pass-through=-lgcc_s -plugin-opt=-pass-through=-lgcc --eh-frame-hdr -m elf_x86_64 -dynamic-linker /lib64/ld-linux-x86-64.so.2 -o cmTC_6272e /lib/x86_64-linux-gnu/crt1.o /lib/x86_64-linux-gnu/crti.o /usr/local/gcc-13.2.0/lib/gcc/x86_64-linux-gnu/13.2.0/crtbegin.o -L/usr/local/gcc-13.2.0/lib/gcc/x86_64-linux-gnu/13.2.0 -L/usr/local/gcc-13.2.0/lib/gcc/x86_64-linux-gnu/13.2.0/../../../../lib64 -L/lib/x86_64-linux-gnu -L/lib/../lib64 -L/usr/lib/x86_64-linux-gnu -L/usr/lib/../lib64 -L/usr/local/gcc-13.2.0/lib/gcc/x86_64-linux-gnu/13.2.0/../../.. CMakeFiles/cmTC_6272e.dir/CMakeCXXCompilerABI.cpp.o -lstdc++ -lm -lgcc_s -lgcc -lc -lgcc_s -lgcc /usr/local/gcc-13.2.0/lib/gcc/x86_64-linux-gnu/13.2.0/crtend.o /lib/x86_64-linux-gnu/crtn.o
COLLECT_GCC_OPTIONS='-v' '-o' 'cmTC_6272e' '-shared-libgcc' '-mtune=generic' '-march=x86-64' '-dumpdir' 'cmTC_6272e.'
make[1]: Leaving directory '/home/mohammed/asmaa/B3a/build/CMakeFiles/CMakeTmp'



Parsed CXX implicit include dir info from above output: rv=done
  found start of include info
  found start of implicit include info
    add: [/usr/local/gcc-13.2.0/lib/gcc/x86_64-linux-gnu/13.2.0/../../../../include/c++/13.2.0]
    add: [/usr/local/gcc-13.2.0/lib/gcc/x86_64-linux-gnu/13.2.0/../../../../include/c++/13.2.0/x86_64-linux-gnu]
    add: [/usr/local/gcc-13.2.0/lib/gcc/x86_64-linux-gnu/13.2.0/../../../../include/c++/13.2.0/backward]
    add: [/usr/local/gcc-13.2.0/lib/gcc/x86_64-linux-gnu/13.2.0/include]
    add: [/usr/local/include]
    add: [/usr/local/gcc-13.2.0/include]
    add: [/usr/local/gcc-13.2.0/lib/gcc/x86_64-linux-gnu/13.2.0/include-fixed/x86_64-linux-gnu]
    add: [/usr/local/gcc-13.2.0/lib/gcc/x86_64-linux-gnu/13.2.0/include-fixed]
    add: [/usr/include/x86_64-linux-gnu]
    add: [/usr/include]
  end of search list found
  collapse include dir [/usr/local/gcc-13.2.0/lib/gcc/x86_64-linux-gnu/13.2.0/../../../../include/c++/13.2.0] ==> [/usr/local/gcc-13.2.0/include/c++/13.2.0]
  collapse include dir [/usr/local/gcc-13.2.0/lib/gcc/x86_64-linux-gnu/13.2.0/../../../../include/c++/13.2.0/x86_64-linux-gnu] ==> [/usr/local/gcc-13.2.0/include/c++/13.2.0/x86_64-linux-gnu]
  collapse include dir [/usr/local/gcc-13.2.0/lib/gcc/x86_64-linux-gnu/13.2.0/../../../../include/c++/13.2.0/backward] ==> [/usr/local/gcc-13.2.0/include/c++/13.2.0/backward]
  collapse include dir [/usr/local/gcc-13.2.0/lib/gcc/x86_64-linux-gnu/13.2.0/include] ==> [/usr/local/gcc-13.2.0/lib/gcc/x86_64-linux-gnu/13.2.0/include]
  collapse include dir [/usr/local/include] ==> [/usr/local/include]
  collapse include dir [/usr/local/gcc-13.2.0/include] ==> [/usr/local/gcc-13.2.0/include]
  collapse include dir [/usr/local/gcc-13.2.0/lib/gcc/x86_64-linux-gnu/13.2.0/include-fixed/x86_64-linux-gnu] ==> [/usr/local/gcc-13.2.0/lib/gcc/x86_64-linux-gnu/13.2.0/include-fixed/x86_64-linux-gnu]
  collapse include dir [/usr/local/gcc-13.2.0/lib/gcc/x86_64-linux-gnu/13.2.0/include-fixed] ==> [/usr/local/gcc-13.2.0/lib/gcc/x86_64-linux-gnu/13.2.0/include-fixed]
  collapse include dir [/usr/include/x86_64-linux-gnu] ==> [/usr/include/x86_64-linux-gnu]
  collapse include dir [/usr/include] ==> [/usr/include]
  implicit include dirs: [/usr/local/gcc-13.2.0/include/c++/13.2.0;/usr/local/gcc-13.2.0/include/c++/13.2.0/x86_64-linux-gnu;/usr/local/gcc-13.2.0/include/c++/13.2.0/backward;/usr/local/gcc-13.2.0/lib/gcc/x86_64-linux-gnu/13.2.0/include;/usr/local/include;/usr/local/gcc-13.2.0/include;/usr/local/gcc-13.2.0/lib/gcc/x86_64-linux-gnu/13.2.0/include-fixed/x86_64-linux-gnu;/usr/local/gcc-13.2.0/lib/gcc/x86_64-linux-gnu/13.2.0/include-fixed;/usr/include/x86_64-linux-gnu;/usr/include]


Parsed CXX implicit link information from above output:
  link line regex: [^( *|.*[/\])(ld|CMAKE_LINK_STARTFILE-NOTFOUND|([^/\]+-)?ld|collect2)[^/\]*( |$)]
  ignore line: [Change Dir: /home/mohammed/asmaa/B3a/build/CMakeFiles/CMakeTmp]
  ignore line: []
  ignore line: [Run Build Command(s):/usr/bin/make -f Makefile cmTC_6272e/fast && /usr/bin/make  -f CMakeFiles/cmTC_6272e.dir/build.make CMakeFiles/cmTC_6272e.dir/build]
  ignore line: [make[1]: Entering directory '/home/mohammed/asmaa/B3a/build/CMakeFiles/CMakeTmp']
  ignore line: [Building CXX object CMakeFiles/cmTC_6272e.dir/CMakeCXXCompilerABI.cpp.o]
  ignore line: [/usr/local/bin/g++   -v -o CMakeFiles/cmTC_6272e.dir/CMakeCXXCompilerABI.cpp.o -c /usr/local/share/cmake-3.22/Modules/CMakeCXXCompilerABI.cpp]
  ignore line: [Using built-in specs.]
  ignore line: [COLLECT_GCC=/usr/local/bin/g++]
  ignore line: [Target: x86_64-linux-gnu]
  ignore line: [Configured with: ./configure -v --build=x86_64-linux-gnu --host=x86_64-linux-gnu --target=x86_64-linux-gnu --prefix=/usr/local/gcc-13.2.0 --enable-checking=release --enable-languages=c c++ --disable-multilib --program-suffix=-13.2.0]
  ignore line: [Thread model: posix]
  ignore line: [Supported LTO compression algorithms: zlib]
  ignore line: [gcc version 13.2.0 (GCC) ]
  ignore line: [COLLECT_GCC_OPTIONS='-v' '-o' 'CMakeFiles/cmTC_6272e.dir/CMakeCXXCompilerABI.cpp.o' '-c' '-shared-libgcc' '-mtune=generic' '-march=x86-64' '-dumpdir' 'CMakeFiles/cmTC_6272e.dir/']
  ignore line: [ /usr/local/gcc-13.2.0/libexec/gcc/x86_64-linux-gnu/13.2.0/cc1plus -quiet -v -imultiarch x86_64-linux-gnu -D_GNU_SOURCE /usr/local/share/cmake-3.22/Modules/CMakeCXXCompilerABI.cpp -quiet -dumpdir CMakeFiles/cmTC_6272e.dir/ -dumpbase CMakeCXXCompilerABI.cpp.cpp -dumpbase-ext .cpp -mtune=generic -march=x86-64 -version -o /tmp/ccWnf2oN.s]
  ignore line: [GNU C++17 (GCC) version 13.2.0 (x86_64-linux-gnu)]
  ignore line: [	compiled by GNU C version 13.2.0  GMP version 6.2.0  MPFR version 4.0.2  MPC version 1.1.0  isl version none]
  ignore line: [GGC heuristics: --param ggc-min-expand=100 --param ggc-min-heapsize=131072]
  ignore line: [ignoring nonexistent directory "/usr/local/include/x86_64-linux-gnu"]
  ignore line: [ignoring nonexistent directory "/usr/local/gcc-13.2.0/lib/gcc/x86_64-linux-gnu/13.2.0/../../../../x86_64-linux-gnu/include"]
  ignore line: [#include "..." search starts here:]
  ignore line: [#include <...> search starts here:]
  ignore line: [ /usr/local/gcc-13.2.0/lib/gcc/x86_64-linux-gnu/13.2.0/../../../../include/c++/13.2.0]
  ignore line: [ /usr/local/gcc-13.2.0/lib/gcc/x86_64-linux-gnu/13.2.0/../../../../include/c++/13.2.0/x86_64-linux-gnu]
  ignore line: [ /usr/local/gcc-13.2.0/lib/gcc/x86_64-linux-gnu/13.2.0/../../../../include/c++/13.2.0/backward]
  ignore line: [ /usr/local/gcc-13.2.0/lib/gcc/x86_64-linux-gnu/13.2.0/include]
  ignore line: [ /usr/local/include]
  ignore line: [ /usr/local/gcc-13.2.0/include]
  ignore line: [ /usr/local/gcc-13.2.0/lib/gcc/x86_64-linux-gnu/13.2.0/include-fixed/x86_64-linux-gnu]
  ignore line: [ /usr/local/gcc-13.2.0/lib/gcc/x86_64-linux-gnu/13.2.0/include-fixed]
  ignore line: [ /usr/include/x86_64-linux-gnu]
  ignore line: [ /usr/include]
  ignore line: [End of search list.]
  ignore line: [Compiler executable checksum: d072c1c292b323804cb947be614e24f4]
  ignore line: [COLLECT_GCC_OPTIONS='-v' '-o' 'CMakeFiles/cmTC_6272e.dir/CMakeCXXCompilerABI.cpp.o' '-c' '-shared-libgcc' '-mtune=generic' '-march=x86-64' '-dumpdir' 'CMakeFiles/cmTC_6272e.dir/']
  ignore line: [ as -v --64 -o CMakeFiles/cmTC_6272e.dir/CMakeCXXCompilerABI.cpp.o /tmp/ccWnf2oN.s]
  ignore line: [GNU assembler version 2.34 (x86_64-linux-gnu) using BFD version (GNU Binutils for Ubuntu) 2.34]
  ignore line: [COMPILER_PATH=/usr/local/gcc-13.2.0/libexec/gcc/x86_64-linux-gnu/13.2.0/:/usr/local/gcc-13.2.0/libexec/gcc/x86_64-linux-gnu/13.2.0/:/usr/local/gcc-13.2.0/libexec/gcc/x86_64-linux-gnu/:/usr/local/gcc-13.2.0/lib/gcc/x86_64-linux-gnu/13.2.0/:/usr/local/gcc-13.2.0/lib/gcc/x86_64-linux-gnu/]
  ignore line: [LIBRARY_PATH=/usr/local/gcc-13.2.0/lib/gcc/x86_64-linux-gnu/13.2.0/:/usr/local/gcc-13.2.0/lib/gcc/x86_64-linux-gnu/13.2.0/../../../../lib64/:/lib/x86_64-linux-gnu/:/lib/../lib64/:/usr/lib/x86_64-linux-gnu/:/usr/lib/../lib64/:/usr/local/gcc-13.2.0/lib/gcc/x86_64-linux-gnu/13.2.0/../../../:/lib/:/usr/lib/]
  ignore line: [COLLECT_GCC_OPTIONS='-v' '-o' 'CMakeFiles/cmTC_6272e.dir/CMakeCXXCompilerABI.cpp.o' '-c' '-shared-libgcc' '-mtune=generic' '-march=x86-64' '-dumpdir' 'CMakeFiles/cmTC_6272e.dir/CMakeCXXCompilerABI.cpp.']
  ignore line: [Linking CXX executable cmTC_6272e]
  ignore line: [/usr/local/bin/cmake -E cmake_link_script CMakeFiles/cmTC_6272e.dir/link.txt --verbose=1]
  ignore line: [/usr/local/bin/g++  -v CMakeFiles/cmTC_6272e.dir/CMakeCXXCompilerABI.cpp.o -o cmTC_6272e ]
  ignore line: [Using built-in specs.]
  ignore line: [COLLECT_GCC=/usr/local/bin/g++]
  ignore line: [COLLECT_LTO_WRAPPER=/usr/local/gcc-13.2.0/libexec/gcc/x86_64-linux-gnu/13.2.0/lto-wrapper]
  ignore line: [Target: x86_64-linux-gnu]
  ignore line: [Configured with: ./configure -v --build=x86_64-linux-gnu --host=x86_64-linux-gnu --target=x86_64-linux-gnu --prefix=/usr/local/gcc-13.2.0 --enable-checking=release --enable-languages=c c++ --disable-multilib --program-suffix=-13.2.0]
  ignore line: [Thread model: posix]
  ignore line: [Supported LTO compression algorithms: zlib]
  ignore line: [gcc version 13.2.0 (GCC) ]
  ignore line: [COMPILER_PATH=/usr/local/gcc-13.2.0/libexec/gcc/x86_64-linux-gnu/13.2.0/:/usr/local/gcc-13.2.0/libexec/gcc/x86_64-linux-gnu/13.2.0/:/usr/local/gcc-13.2.0/libexec/gcc/x86_64-linux-gnu/:/usr/local/gcc-13.2.0/lib/gcc/x86_64-linux-gnu/13.2.0/:/usr/local/gcc-13.2.0/lib/gcc/x86_64-linux-gnu/]
  ignore line: [LIBRARY_PATH=/usr/local/gcc-13.2.0/lib/gcc/x86_64-linux-gnu/13.2.0/:/usr/local/gcc-13.2.0/lib/gcc/x86_64-linux-gnu/13.2.0/../../../../lib64/:/lib/x86_64-linux-gnu/:/lib/../lib64/:/usr/lib/x86_64-linux-gnu/:/usr/lib/../lib64/:/usr/local/gcc-13.2.0/lib/gcc/x86_64-linux-gnu/13.2.0/../../../:/lib/:/usr/lib/]
  ignore line: [COLLECT_GCC_OPTIONS='-v' '-o' 'cmTC_6272e' '-shared-libgcc' '-mtune=generic' '-march=x86-64' '-dumpdir' 'cmTC_6272e.']
  link line: [ /usr/local/gcc-13.2.0/libexec/gcc/x86_64-linux-gnu/13.2.0/collect2 -plugin /usr/local/gcc-13.2.0/libexec/gcc/x86_64-linux-gnu/13.2.0/liblto_plugin.so -plugin-opt=/usr/local/gcc-13.2.0/libexec/gcc/x86_64-linux-gnu/13.2.0/lto-wrapper -plugin-opt=-fresolution=/tmp/ccTghkFf.res -plugin-opt=-pass-through=-lgcc_s -plugin-opt=-pass-through=-lgcc -plugin-opt=-pass-through=-lc -plugin-opt=-pass-through=-lgcc_s -plugin-opt=-pass-through=-lgcc --eh-frame-hdr -m elf_x86_64 -dynamic-linker /lib64/ld-linux-x86-64.so.2 -o cmTC_6272e /lib/x86_64-linux-gnu/crt1.o /lib/x86_64-linux-gnu/crti.o /usr/local/gcc-13.2.0/lib/gcc/x86_64-linux-gnu/13.2.0/crtbegin.o -L/usr/local/gcc-13.2.0/lib/gcc/x86_64-linux-gnu/13.2.0 -L/usr/local/gcc-13.2.0/lib/gcc/x86_64-linux-gnu/13.2.0/../../../../lib64 -L/lib/x86_64-linux-gnu -L/lib/../lib64 -L/usr/lib/x86_64-linux-gnu -L/usr/lib/../lib64 -L/usr/local/gcc-13.2.0/lib/gcc/x86_64-linux-gnu/13.2.0/../../.. CMakeFiles/cmTC_6272e.dir/CMakeCXXCompilerABI.cpp.o -lstdc++ -lm -lgcc_s -lgcc -lc -lgcc_s -lgcc /usr/local/gcc-13.2.0/lib/gcc/x86_64-linux-gnu/13.2.0/crtend.o /lib/x86_64-linux-gnu/crtn.o]
    arg [/usr/local/gcc-13.2.0/libexec/gcc/x86_64-linux-gnu/13.2.0/collect2] ==> ignore
    arg [-plugin] ==> ignore
    arg [/usr/local/gcc-13.2.0/libexec/gcc/x86_64-linux-gnu/13.2.0/liblto_plugin.so] ==> ignore
    arg [-plugin-opt=/usr/local/gcc-13.2.0/libexec/gcc/x86_64-linux-gnu/13.2.0/lto-wrapper] ==> ignore
    arg [-plugin-opt=-fresolution=/tmp/ccTghkFf.res] ==> ignore
    arg [-plugin-opt=-pass-through=-lgcc_s] ==> ignore
    arg [-plugin-opt=-pass-through=-lgcc] ==> ignore
    arg [-plugin-opt=-pass-through=-lc] ==> ignore
    arg [-plugin-opt=-pass-through=-lgcc_s] ==> ignore
    arg [-plugin-opt=-pass-through=-lgcc] ==> ignore
    arg [--eh-frame-hdr] ==> ignore
    arg [-m] ==> ignore
    arg [elf_x86_64] ==> ignore
    arg [-dynamic-linker] ==> ignore
    arg [/lib64/ld-linux-x86-64.so.2] ==> ignore
    arg [-o] ==> ignore
    arg [cmTC_6272e] ==> ignore
    arg [/lib/x86_64-linux-gnu/crt1.o] ==> obj [/lib/x86_64-linux-gnu/crt1.o]
    arg [/lib/x86_64-linux-gnu/crti.o] ==> obj [/lib/x86_64-linux-gnu/crti.o]
    arg [/usr/local/gcc-13.2.0/lib/gcc/x86_64-linux-gnu/13.2.0/crtbegin.o] ==> obj [/usr/local/gcc-13.2.0/lib/gcc/x86_64-linux-gnu/13.2.0/crtbegin.o]
    arg [-L/usr/local/gcc-13.2.0/lib/gcc/x86_64-linux-gnu/13.2.0] ==> dir [/usr/local/gcc-13.2.0/lib/gcc/x86_64-linux-gnu/13.2.0]
    arg [-L/usr/local/gcc-13.2.0/lib/gcc/x86_64-linux-gnu/13.2.0/../../../../lib64] ==> dir [/usr/local/gcc-13.2.0/lib/gcc/x86_64-linux-gnu/13.2.0/../../../../lib64]
    arg [-L/lib/x86_64-linux-gnu] ==> dir [/lib/x86_64-linux-gnu]
    arg [-L/lib/../lib64] ==> dir [/lib/../lib64]
    arg [-L/usr/lib/x86_64-linux-gnu] ==> dir [/usr/lib/x86_64-linux-gnu]
    arg [-L/usr/lib/../lib64] ==> dir [/usr/lib/../lib64]
    arg [-L/usr/local/gcc-13.2.0/lib/gcc/x86_64-linux-gnu/13.2.0/../../..] ==> dir [/usr/local/gcc-13.2.0/lib/gcc/x86_64-linux-gnu/13.2.0/../../..]
    arg [CMakeFiles/cmTC_6272e.dir/CMakeCXXCompilerABI.cpp.o] ==> ignore
    arg [-lstdc++] ==> lib [stdc++]
    arg [-lm] ==> lib [m]
    arg [-lgcc_s] ==> lib [gcc_s]
    arg [-lgcc] ==> lib [gcc]
    arg [-lc] ==> lib [c]
    arg [-lgcc_s] ==> lib [gcc_s]
    arg [-lgcc] ==> lib [gcc]
    arg [/usr/local/gcc-13.2.0/lib/gcc/x86_64-linux-gnu/13.2.0/crtend.o] ==> obj [/usr/local/gcc-13.2.0/lib/gcc/x86_64-linux-gnu/13.2.0/crtend.o]
    arg [/lib/x86_64-linux-gnu/crtn.o] ==> obj [/lib/x86_64-linux-gnu/crtn.o]
  collapse library dir [/usr/local/gcc-13.2.0/lib/gcc/x86_64-linux-gnu/13.2.0] ==> [/usr/local/gcc-13.2.0/lib/gcc/x86_64-linux-gnu/13.2.0]
  collapse library dir [/usr/local/gcc-13.2.0/lib/gcc/x86_64-linux-gnu/13.2.0/../../../../lib64] ==> [/usr/local/gcc-13.2.0/lib64]
  collapse library dir [/lib/x86_64-linux-gnu] ==> [/lib/x86_64-linux-gnu]
  collapse library dir [/lib/../lib64] ==> [/lib64]
  collapse library dir [/usr/lib/x86_64-linux-gnu] ==> [/usr/lib/x86_64-linux-gnu]
  collapse library dir [/usr/lib/../lib64] ==> [/usr/lib64]
  collapse library dir [/usr/local/gcc-13.2.0/lib/gcc/x86_64-linux-gnu/13.2.0/../../..] ==> [/usr/local/gcc-13.2.0/lib]
  implicit libs: [stdc++;m;gcc_s;gcc;c;gcc_s;gcc]
  implicit objs: [/lib/x86_64-linux-gnu/crt1.o;/lib/x86_64-linux-gnu/crti.o;/usr/local/gcc-13.2.0/lib/gcc/x86_64-linux-gnu/13.2.0/crtbegin.o;/usr/local/gcc-13.2.0/lib/gcc/x86_64-linux-gnu/13.2.0/crtend.o;/lib/x86_64-linux-gnu/crtn.o]
  implicit dirs: [/usr/local/gcc-13.2.0/lib/gcc/x86_64-linux-gnu/13.2.0;/usr/local/gcc-13.2.0/lib64;/lib/x86_64-linux-gnu;/lib64;/usr/lib/x86_64-linux-gnu;/usr/lib64;/usr/local/gcc-13.2.0/lib]
  implicit fwks: []


Determining if the include file pthread.h exists passed with the following output:
Change Dir: /home/mohammed/asmaa/B3a/build/CMakeFiles/CMakeTmp

Run Build Command(s):/usr/bin/make -f Makefile cmTC_1da88/fast && /usr/bin/make  -f CMakeFiles/cmTC_1da88.dir/build.make CMakeFiles/cmTC_1da88.dir/build
make[1]: Entering directory '/home/mohammed/asmaa/B3a/build/CMakeFiles/CMakeTmp'
Building C object CMakeFiles/cmTC_1da88.dir/CheckIncludeFile.c.o
/usr/local/bin/gcc    -o CMakeFiles/cmTC_1da88.dir/CheckIncludeFile.c.o -c /home/mohammed/asmaa/B3a/build/CMakeFiles/CMakeTmp/CheckIncludeFile.c
Linking C executable cmTC_1da88
/usr/local/bin/cmake -E cmake_link_script CMakeFiles/cmTC_1da88.dir/link.txt --verbose=1
/usr/local/bin/gcc CMakeFiles/cmTC_1da88.dir/CheckIncludeFile.c.o -o cmTC_1da88 
make[1]: Leaving directory '/home/mohammed/asmaa/B3a/build/CMakeFiles/CMakeTmp'



Determining if the function XOpenDisplay exists in the /usr/lib/x86_64-linux-gnu/libX11.so;/usr/lib/x86_64-linux-gnu/libXext.so passed with the following output:
Change Dir: /home/mohammed/asmaa/B3a/build/CMakeFiles/CMakeTmp

Run Build Command(s):/usr/bin/make -f Makefile cmTC_c8ffa/fast && /usr/bin/make  -f CMakeFiles/cmTC_c8ffa.dir/build.make CMakeFiles/cmTC_c8ffa.dir/build
make[1]: Entering directory '/home/mohammed/asmaa/B3a/build/CMakeFiles/CMakeTmp'
Building C object CMakeFiles/cmTC_c8ffa.dir/CheckFunctionExists.c.o
/usr/local/bin/gcc   -DCHECK_FUNCTION_EXISTS=XOpenDisplay -o CMakeFiles/cmTC_c8ffa.dir/CheckFunctionExists.c.o -c /usr/local/share/cmake-3.22/Modules/CheckFunctionExists.c
Linking C executable cmTC_c8ffa
/usr/local/bin/cmake -E cmake_link_script CMakeFiles/cmTC_c8ffa.dir/link.txt --verbose=1
/usr/local/bin/gcc  -DCHECK_FUNCTION_EXISTS=XOpenDisplay CMakeFiles/cmTC_c8ffa.dir/CheckFunctionExists.c.o -o cmTC_c8ffa  /usr/lib/x86_64-linux-gnu/libX11.so /usr/lib/x86_64-linux-gnu/libXext.so 
make[1]: Leaving directory '/home/mohammed/asmaa/B3a/build/CMakeFiles/CMakeTmp'



Determining if the function gethostbyname exists passed with the following output:
Change Dir: /home/mohammed/asmaa/B3a/build/CMakeFiles/CMakeTmp

Run Build Command(s):/usr/bin/make -f Makefile cmTC_391f6/fast && /usr/bin/make  -f CMakeFiles/cmTC_391f6.dir/build.make CMakeFiles/cmTC_391f6.dir/build
make[1]: Entering directory '/home/mohammed/asmaa/B3a/build/CMakeFiles/CMakeTmp'
Building C object CMakeFiles/cmTC_391f6.dir/CheckFunctionExists.c.o
/usr/local/bin/gcc   -DCHECK_FUNCTION_EXISTS=gethostbyname -o CMakeFiles/cmTC_391f6.dir/CheckFunctionExists.c.o -c /usr/local/share/cmake-3.22/Modules/CheckFunctionExists.c
Linking C executable cmTC_391f6
/usr/local/bin/cmake -E cmake_link_script CMakeFiles/cmTC_391f6.dir/link.txt --verbose=1
/usr/local/bin/gcc  -DCHECK_FUNCTION_EXISTS=gethostbyname CMakeFiles/cmTC_391f6.dir/CheckFunctionExists.c.o -o cmTC_391f6 
make[1]: Leaving directory '/home/mohammed/asmaa/B3a/build/CMakeFiles/CMakeTmp'



Determining if the function connect exists passed with the following output:
Change Dir: /home/mohammed/asmaa/B3a/build/CMakeFiles/CMakeTmp

Run Build Command(s):/usr/bin/make -f Makefile cmTC_9bf21/fast && /usr/bin/make  -f CMakeFiles/cmTC_9bf21.dir/build.make CMakeFiles/cmTC_9bf21.dir/build
make[1]: Entering directory '/home/mohammed/asmaa/B3a/build/CMakeFiles/CMakeTmp'
Building C object CMakeFiles/cmTC_9bf21.dir/CheckFunctionExists.c.o
/usr/local/bin/gcc   -DCHECK_FUNCTION_EXISTS=connect -o CMakeFiles/cmTC_9bf21.dir/CheckFunctionExists.c.o -c /usr/local/share/cmake-3.22/Modules/CheckFunctionExists.c
Linking C executable cmTC_9bf21
/usr/local/bin/cmake -E cmake_link_script CMakeFiles/cmTC_9bf21.dir/link.txt --verbose=1
/usr/local/bin/gcc  -DCHECK_FUNCTION_EXISTS=connect CMakeFiles/cmTC_9bf21.dir/CheckFunctionExists.c.o -o cmTC_9bf21 
make[1]: Leaving directory '/home/mohammed/asmaa/B3a/build/CMakeFiles/CMakeTmp'



Determining if the function remove exists passed with the following output:
Change Dir: /home/mohammed/asmaa/B3a/build/CMakeFiles/CMakeTmp

Run Build Command(s):/usr/bin/make -f Makefile cmTC_efbb8/fast && /usr/bin/make  -f CMakeFiles/cmTC_efbb8.dir/build.make CMakeFiles/cmTC_efbb8.dir/build
make[1]: Entering directory '/home/mohammed/asmaa/B3a/build/CMakeFiles/CMakeTmp'
Building C object CMakeFiles/cmTC_efbb8.dir/CheckFunctionExists.c.o
/usr/local/bin/gcc   -DCHECK_FUNCTION_EXISTS=remove -o CMakeFiles/cmTC_efbb8.dir/CheckFunctionExists.c.o -c /usr/local/share/cmake-3.22/Modules/CheckFunctionExists.c
Linking C executable cmTC_efbb8
/usr/local/bin/cmake -E cmake_link_script CMakeFiles/cmTC_efbb8.dir/link.txt --verbose=1
/usr/local/bin/gcc  -DCHECK_FUNCTION_EXISTS=remove CMakeFiles/cmTC_efbb8.dir/CheckFunctionExists.c.o -o cmTC_efbb8 
make[1]: Leaving directory '/home/mohammed/asmaa/B3a/build/CMakeFiles/CMakeTmp'



Determining if the function shmat exists passed with the following output:
Change Dir: /home/mohammed/asmaa/B3a/build/CMakeFiles/CMakeTmp

Run Build Command(s):/usr/bin/make -f Makefile cmTC_e29af/fast && /usr/bin/make  -f CMakeFiles/cmTC_e29af.dir/build.make CMakeFiles/cmTC_e29af.dir/build
make[1]: Entering directory '/home/mohammed/asmaa/B3a/build/CMakeFiles/CMakeTmp'
Building C object CMakeFiles/cmTC_e29af.dir/CheckFunctionExists.c.o
/usr/local/bin/gcc   -DCHECK_FUNCTION_EXISTS=shmat -o CMakeFiles/cmTC_e29af.dir/CheckFunctionExists.c.o -c /usr/local/share/cmake-3.22/Modules/CheckFunctionExists.c
Linking C executable cmTC_e29af
/usr/local/bin/cmake -E cmake_link_script CMakeFiles/cmTC_e29af.dir/link.txt --verbose=1
/usr/local/bin/gcc  -DCHECK_FUNCTION_EXISTS=shmat CMakeFiles/cmTC_e29af.dir/CheckFunctionExists.c.o -o cmTC_e29af 
make[1]: Leaving directory '/home/mohammed/asmaa/B3a/build/CMakeFiles/CMakeTmp'



Determining if the function IceConnectionNumber exists in the ICE passed with the following output:
Change Dir: /home/mohammed/asmaa/B3a/build/CMakeFiles/CMakeTmp

Run Build Command(s):/usr/bin/make -f Makefile cmTC_2e9f6/fast && /usr/bin/make  -f CMakeFiles/cmTC_2e9f6.dir/build.make CMakeFiles/cmTC_2e9f6.dir/build
make[1]: Entering directory '/home/mohammed/asmaa/B3a/build/CMakeFiles/CMakeTmp'
Building C object CMakeFiles/cmTC_2e9f6.dir/CheckFunctionExists.c.o
/usr/local/bin/gcc   -DCHECK_FUNCTION_EXISTS=IceConnectionNumber -o CMakeFiles/cmTC_2e9f6.dir/CheckFunctionExists.c.o -c /usr/local/share/cmake-3.22/Modules/CheckFunctionExists.c
Linking C executable cmTC_2e9f6
/usr/local/bin/cmake -E cmake_link_script CMakeFiles/cmTC_2e9f6.dir/link.txt --verbose=1
/usr/local/bin/gcc  -DCHECK_FUNCTION_EXISTS=IceConnectionNumber CMakeFiles/cmTC_2e9f6.dir/CheckFunctionExists.c.o -o cmTC_2e9f6  -lICE 
make[1]: Leaving directory '/home/mohammed/asmaa/B3a/build/CMakeFiles/CMakeTmp'



