Performing C SOURCE FILE Test CMAKE_HAVE_LIBC_PTHREAD failed with the following output:
Change Dir: /home/mohammed/asmaa/B3a/build/CMakeFiles/CMakeTmp

Run Build Command(s):/usr/bin/make -f Makefile cmTC_af7ac/fast && /usr/bin/make  -f CMakeFiles/cmTC_af7ac.dir/build.make CMakeFiles/cmTC_af7ac.dir/build
make[1]: Entering directory '/home/mohammed/asmaa/B3a/build/CMakeFiles/CMakeTmp'
Building C object CMakeFiles/cmTC_af7ac.dir/src.c.o
/usr/local/bin/gcc -DCMAKE_HAVE_LIBC_PTHREAD   -o CMakeFiles/cmTC_af7ac.dir/src.c.o -c /home/mohammed/asmaa/B3a/build/CMakeFiles/CMakeTmp/src.c
Linking C executable cmTC_af7ac
/usr/local/bin/cmake -E cmake_link_script CMakeFiles/cmTC_af7ac.dir/link.txt --verbose=1
/usr/local/bin/gcc CMakeFiles/cmTC_af7ac.dir/src.c.o -o cmTC_af7ac 
/usr/bin/ld: CMakeFiles/cmTC_af7ac.dir/src.c.o: in function `main':
src.c:(.text+0x2d): undefined reference to `pthread_create'
/usr/bin/ld: src.c:(.text+0x39): undefined reference to `pthread_detach'
/usr/bin/ld: src.c:(.text+0x45): undefined reference to `pthread_cancel'
/usr/bin/ld: src.c:(.text+0x56): undefined reference to `pthread_join'
collect2: error: ld returned 1 exit status
make[1]: *** [CMakeFiles/cmTC_af7ac.dir/build.make:99: cmTC_af7ac] Error 1
make[1]: Leaving directory '/home/mohammed/asmaa/B3a/build/CMakeFiles/CMakeTmp'
make: *** [Makefile:127: cmTC_af7ac/fast] Error 2


Source file was:
#include <pthread.h>

static void* test_func(void* data)
{
  return data;
}

int main(void)
{
  pthread_t thread;
  pthread_create(&thread, NULL, test_func, NULL);
  pthread_detach(thread);
  pthread_cancel(thread);
  pthread_join(thread, NULL);
  pthread_atfork(NULL, NULL, NULL);
  pthread_exit(NULL);

  return 0;
}

